<?xml version="1.0" encoding="UTF-8"?>
<testsuite xmlns:xsi="http://www.w3.org/2001/XMLSchema-instance" xsi:noNamespaceSchemaLocation="https://maven.apache.org/surefire/maven-surefire-plugin/xsd/surefire-test-report-3.0.xsd" version="3.0" name="com.udacity.catpoint.security.service.SecurityServiceTest" time="2.048" tests="21" errors="0" skipped="0" failures="0">
  <properties>
    <property name="java.specification.version" value="21"/>
    <property name="sun.cpu.isalist" value="amd64"/>
    <property name="sun.jnu.encoding" value="Cp1252"/>
    <property name="java.class.path" value="C:\Users\Harsh Singh\Downloads\cd0384-java-application-deployment-projectstarter-master\cd0384-java-application-deployment-projectstarter-master\starter\catpoint-parent\security-service\target\test-classes;C:\Users\Harsh Singh\.m2\repository\software\amazon\awssdk\aws-json-protocol\2.32.31\aws-json-protocol-2.32.31.jar;C:\Users\Harsh Singh\.m2\repository\software\amazon\awssdk\third-party-jackson-core\2.32.31\third-party-jackson-core-2.32.31.jar;C:\Users\Harsh Singh\.m2\repository\software\amazon\awssdk\protocol-core\2.32.31\protocol-core-2.32.31.jar;C:\Users\Harsh Singh\.m2\repository\software\amazon\awssdk\http-auth-aws\2.32.31\http-auth-aws-2.32.31.jar;C:\Users\Harsh Singh\.m2\repository\software\amazon\awssdk\checksums-spi\2.32.31\checksums-spi-2.32.31.jar;C:\Users\Harsh Singh\.m2\repository\software\amazon\awssdk\checksums\2.32.31\checksums-2.32.31.jar;C:\Users\Harsh Singh\.m2\repository\software\amazon\awssdk\profiles\2.32.31\profiles-2.32.31.jar;C:\Users\Harsh Singh\.m2\repository\software\amazon\awssdk\retries\2.32.31\retries-2.32.31.jar;C:\Users\Harsh Singh\.m2\repository\org\reactivestreams\reactive-streams\1.0.4\reactive-streams-1.0.4.jar;C:\Users\Harsh Singh\.m2\repository\software\amazon\awssdk\http-auth-aws-eventstream\2.32.31\http-auth-aws-eventstream-2.32.31.jar;C:\Users\Harsh Singh\.m2\repository\software\amazon\eventstream\eventstream\1.0.1\eventstream-1.0.1.jar;C:\Users\Harsh Singh\.m2\repository\software\amazon\awssdk\http-auth-spi\2.32.31\http-auth-spi-2.32.31.jar;C:\Users\Harsh Singh\.m2\repository\software\amazon\awssdk\http-auth\2.32.31\http-auth-2.32.31.jar;C:\Users\Harsh Singh\.m2\repository\software\amazon\awssdk\identity-spi\2.32.31\identity-spi-2.32.31.jar;C:\Users\Harsh Singh\.m2\repository\software\amazon\awssdk\http-client-spi\2.32.31\http-client-spi-2.32.31.jar;C:\Users\Harsh Singh\.m2\repository\software\amazon\awssdk\annotations\2.32.31\annotations-2.32.31.jar;C:\Users\Harsh Singh\.m2\repository\software\amazon\awssdk\utils\2.32.31\utils-2.32.31.jar;C:\Users\Harsh Singh\.m2\repository\software\amazon\awssdk\aws-core\2.32.31\aws-core-2.32.31.jar;C:\Users\Harsh Singh\.m2\repository\software\amazon\awssdk\metrics-spi\2.32.31\metrics-spi-2.32.31.jar;C:\Users\Harsh Singh\.m2\repository\software\amazon\awssdk\json-utils\2.32.31\json-utils-2.32.31.jar;C:\Users\Harsh Singh\.m2\repository\software\amazon\awssdk\endpoints-spi\2.32.31\endpoints-spi-2.32.31.jar;C:\Users\Harsh Singh\.m2\repository\software\amazon\awssdk\retries-spi\2.32.31\retries-spi-2.32.31.jar;C:\Users\Harsh Singh\.m2\repository\software\amazon\awssdk\apache-client\2.32.31\apache-client-2.32.31.jar;C:\Users\Harsh Singh\.m2\repository\org\apache\httpcomponents\httpclient\4.5.13\httpclient-4.5.13.jar;C:\Users\Harsh Singh\.m2\repository\commons-logging\commons-logging\1.2\commons-logging-1.2.jar;C:\Users\Harsh Singh\.m2\repository\org\apache\httpcomponents\httpcore\4.4.16\httpcore-4.4.16.jar;C:\Users\Harsh Singh\.m2\repository\commons-codec\commons-codec\1.17.1\commons-codec-1.17.1.jar;C:\Users\Harsh Singh\.m2\repository\software\amazon\awssdk\netty-nio-client\2.32.31\netty-nio-client-2.32.31.jar;C:\Users\Harsh Singh\.m2\repository\io\netty\netty-codec-http\4.1.124.Final\netty-codec-http-4.1.124.Final.jar;C:\Users\Harsh Singh\.m2\repository\io\netty\netty-codec-http2\4.1.124.Final\netty-codec-http2-4.1.124.Final.jar;C:\Users\Harsh Singh\.m2\repository\io\netty\netty-codec\4.1.124.Final\netty-codec-4.1.124.Final.jar;C:\Users\Harsh Singh\.m2\repository\io\netty\netty-transport\4.1.124.Final\netty-transport-4.1.124.Final.jar;C:\Users\Harsh Singh\.m2\repository\io\netty\netty-common\4.1.124.Final\netty-common-4.1.124.Final.jar;C:\Users\Harsh Singh\.m2\repository\io\netty\netty-buffer\4.1.124.Final\netty-buffer-4.1.124.Final.jar;C:\Users\Harsh Singh\.m2\repository\io\netty\netty-handler\4.1.124.Final\netty-handler-4.1.124.Final.jar;C:\Users\Harsh Singh\.m2\repository\io\netty\netty-transport-native-unix-common\4.1.124.Final\netty-transport-native-unix-common-4.1.124.Final.jar;C:\Users\Harsh Singh\.m2\repository\io\netty\netty-transport-classes-epoll\4.1.124.Final\netty-transport-classes-epoll-4.1.124.Final.jar;C:\Users\Harsh Singh\.m2\repository\io\netty\netty-resolver\4.1.124.Final\netty-resolver-4.1.124.Final.jar;C:\Users\Harsh Singh\.m2\repository\com\google\guava\listenablefuture\9999.0-empty-to-avoid-conflict-with-guava\listenablefuture-9999.0-empty-to-avoid-conflict-with-guava.jar;C:\Users\Harsh Singh\.m2\repository\org\mockito\mockito-junit-jupiter\5.11.0\mockito-junit-jupiter-5.11.0.jar;C:\Users\Harsh Singh\.m2\repository\org\mockito\mockito-core\5.11.0\mockito-core-5.11.0.jar;C:\Users\Harsh Singh\.m2\repository\net\bytebuddy\byte-buddy\1.14.12\byte-buddy-1.14.12.jar;C:\Users\Harsh Singh\.m2\repository\net\bytebuddy\byte-buddy-agent\1.14.12\byte-buddy-agent-1.14.12.jar;C:\Users\Harsh Singh\.m2\repository\org\objenesis\objenesis\3.3\objenesis-3.3.jar;C:\Users\Harsh Singh\.m2\repository\org\mockito\mockito-inline\5.2.0\mockito-inline-5.2.0.jar;C:\Users\Harsh Singh\.m2\repository\org\junit\jupiter\junit-jupiter-api\5.10.0\junit-jupiter-api-5.10.0.jar;C:\Users\Harsh Singh\.m2\repository\org\opentest4j\opentest4j\1.3.0\opentest4j-1.3.0.jar;C:\Users\Harsh Singh\.m2\repository\org\junit\platform\junit-platform-commons\1.10.0\junit-platform-commons-1.10.0.jar;C:\Users\Harsh Singh\.m2\repository\org\apiguardian\apiguardian-api\1.1.2\apiguardian-api-1.1.2.jar;C:\Users\Harsh Singh\.m2\repository\org\junit\jupiter\junit-jupiter-params\5.10.0\junit-jupiter-params-5.10.0.jar;C:\Users\Harsh Singh\.m2\repository\org\junit\jupiter\junit-jupiter-engine\5.10.0\junit-jupiter-engine-5.10.0.jar;C:\Users\Harsh Singh\.m2\repository\org\junit\platform\junit-platform-engine\1.10.0\junit-platform-engine-1.10.0.jar;"/>
    <property name="java.vm.vendor" value="Oracle Corporation"/>
    <property name="sun.arch.data.model" value="64"/>
    <property name="user.variant" value=""/>
    <property name="java.vendor.url" value="https://java.oracle.com/"/>
    <property name="user.timezone" value="Asia/Calcutta"/>
    <property name="os.name" value="Windows 11"/>
    <property name="java.vm.specification.version" value="21"/>
    <property name="sun.java.launcher" value="SUN_STANDARD"/>
    <property name="user.country" value="IN"/>
    <property name="sun.boot.library.path" value="C:\Program Files\Java\jdk-21\bin"/>
    <property name="sun.java.command" value="org.apache.maven.surefire.booter.ForkedBooter C:\Users\Harsh Singh\AppData\Local\Temp\surefire17640528265474569875 2025-09-02T09-33-04_859-jvmRun1 surefire-20250902093305548_1tmp surefire_0-20250902093305548_2tmp"/>
    <property name="jdk.debug" value="release"/>
    <property name="surefire.test.class.path" value="C:\Users\Harsh Singh\Downloads\cd0384-java-application-deployment-projectstarter-master\cd0384-java-application-deployment-projectstarter-master\starter\catpoint-parent\security-service\target\test-classes;C:\Users\Harsh Singh\.m2\repository\software\amazon\awssdk\aws-json-protocol\2.32.31\aws-json-protocol-2.32.31.jar;C:\Users\Harsh Singh\.m2\repository\software\amazon\awssdk\third-party-jackson-core\2.32.31\third-party-jackson-core-2.32.31.jar;C:\Users\Harsh Singh\.m2\repository\software\amazon\awssdk\protocol-core\2.32.31\protocol-core-2.32.31.jar;C:\Users\Harsh Singh\.m2\repository\software\amazon\awssdk\http-auth-aws\2.32.31\http-auth-aws-2.32.31.jar;C:\Users\Harsh Singh\.m2\repository\software\amazon\awssdk\checksums-spi\2.32.31\checksums-spi-2.32.31.jar;C:\Users\Harsh Singh\.m2\repository\software\amazon\awssdk\checksums\2.32.31\checksums-2.32.31.jar;C:\Users\Harsh Singh\.m2\repository\software\amazon\awssdk\profiles\2.32.31\profiles-2.32.31.jar;C:\Users\Harsh Singh\.m2\repository\software\amazon\awssdk\retries\2.32.31\retries-2.32.31.jar;C:\Users\Harsh Singh\.m2\repository\org\reactivestreams\reactive-streams\1.0.4\reactive-streams-1.0.4.jar;C:\Users\Harsh Singh\.m2\repository\software\amazon\awssdk\http-auth-aws-eventstream\2.32.31\http-auth-aws-eventstream-2.32.31.jar;C:\Users\Harsh Singh\.m2\repository\software\amazon\eventstream\eventstream\1.0.1\eventstream-1.0.1.jar;C:\Users\Harsh Singh\.m2\repository\software\amazon\awssdk\http-auth-spi\2.32.31\http-auth-spi-2.32.31.jar;C:\Users\Harsh Singh\.m2\repository\software\amazon\awssdk\http-auth\2.32.31\http-auth-2.32.31.jar;C:\Users\Harsh Singh\.m2\repository\software\amazon\awssdk\identity-spi\2.32.31\identity-spi-2.32.31.jar;C:\Users\Harsh Singh\.m2\repository\software\amazon\awssdk\http-client-spi\2.32.31\http-client-spi-2.32.31.jar;C:\Users\Harsh Singh\.m2\repository\software\amazon\awssdk\annotations\2.32.31\annotations-2.32.31.jar;C:\Users\Harsh Singh\.m2\repository\software\amazon\awssdk\utils\2.32.31\utils-2.32.31.jar;C:\Users\Harsh Singh\.m2\repository\software\amazon\awssdk\aws-core\2.32.31\aws-core-2.32.31.jar;C:\Users\Harsh Singh\.m2\repository\software\amazon\awssdk\metrics-spi\2.32.31\metrics-spi-2.32.31.jar;C:\Users\Harsh Singh\.m2\repository\software\amazon\awssdk\json-utils\2.32.31\json-utils-2.32.31.jar;C:\Users\Harsh Singh\.m2\repository\software\amazon\awssdk\endpoints-spi\2.32.31\endpoints-spi-2.32.31.jar;C:\Users\Harsh Singh\.m2\repository\software\amazon\awssdk\retries-spi\2.32.31\retries-spi-2.32.31.jar;C:\Users\Harsh Singh\.m2\repository\software\amazon\awssdk\apache-client\2.32.31\apache-client-2.32.31.jar;C:\Users\Harsh Singh\.m2\repository\org\apache\httpcomponents\httpclient\4.5.13\httpclient-4.5.13.jar;C:\Users\Harsh Singh\.m2\repository\commons-logging\commons-logging\1.2\commons-logging-1.2.jar;C:\Users\Harsh Singh\.m2\repository\org\apache\httpcomponents\httpcore\4.4.16\httpcore-4.4.16.jar;C:\Users\Harsh Singh\.m2\repository\commons-codec\commons-codec\1.17.1\commons-codec-1.17.1.jar;C:\Users\Harsh Singh\.m2\repository\software\amazon\awssdk\netty-nio-client\2.32.31\netty-nio-client-2.32.31.jar;C:\Users\Harsh Singh\.m2\repository\io\netty\netty-codec-http\4.1.124.Final\netty-codec-http-4.1.124.Final.jar;C:\Users\Harsh Singh\.m2\repository\io\netty\netty-codec-http2\4.1.124.Final\netty-codec-http2-4.1.124.Final.jar;C:\Users\Harsh Singh\.m2\repository\io\netty\netty-codec\4.1.124.Final\netty-codec-4.1.124.Final.jar;C:\Users\Harsh Singh\.m2\repository\io\netty\netty-transport\4.1.124.Final\netty-transport-4.1.124.Final.jar;C:\Users\Harsh Singh\.m2\repository\io\netty\netty-common\4.1.124.Final\netty-common-4.1.124.Final.jar;C:\Users\Harsh Singh\.m2\repository\io\netty\netty-buffer\4.1.124.Final\netty-buffer-4.1.124.Final.jar;C:\Users\Harsh Singh\.m2\repository\io\netty\netty-handler\4.1.124.Final\netty-handler-4.1.124.Final.jar;C:\Users\Harsh Singh\.m2\repository\io\netty\netty-transport-native-unix-common\4.1.124.Final\netty-transport-native-unix-common-4.1.124.Final.jar;C:\Users\Harsh Singh\.m2\repository\io\netty\netty-transport-classes-epoll\4.1.124.Final\netty-transport-classes-epoll-4.1.124.Final.jar;C:\Users\Harsh Singh\.m2\repository\io\netty\netty-resolver\4.1.124.Final\netty-resolver-4.1.124.Final.jar;C:\Users\Harsh Singh\.m2\repository\com\google\guava\listenablefuture\9999.0-empty-to-avoid-conflict-with-guava\listenablefuture-9999.0-empty-to-avoid-conflict-with-guava.jar;C:\Users\Harsh Singh\.m2\repository\org\mockito\mockito-junit-jupiter\5.11.0\mockito-junit-jupiter-5.11.0.jar;C:\Users\Harsh Singh\.m2\repository\org\mockito\mockito-core\5.11.0\mockito-core-5.11.0.jar;C:\Users\Harsh Singh\.m2\repository\net\bytebuddy\byte-buddy\1.14.12\byte-buddy-1.14.12.jar;C:\Users\Harsh Singh\.m2\repository\net\bytebuddy\byte-buddy-agent\1.14.12\byte-buddy-agent-1.14.12.jar;C:\Users\Harsh Singh\.m2\repository\org\objenesis\objenesis\3.3\objenesis-3.3.jar;C:\Users\Harsh Singh\.m2\repository\org\mockito\mockito-inline\5.2.0\mockito-inline-5.2.0.jar;C:\Users\Harsh Singh\.m2\repository\org\junit\jupiter\junit-jupiter-api\5.10.0\junit-jupiter-api-5.10.0.jar;C:\Users\Harsh Singh\.m2\repository\org\opentest4j\opentest4j\1.3.0\opentest4j-1.3.0.jar;C:\Users\Harsh Singh\.m2\repository\org\junit\platform\junit-platform-commons\1.10.0\junit-platform-commons-1.10.0.jar;C:\Users\Harsh Singh\.m2\repository\org\apiguardian\apiguardian-api\1.1.2\apiguardian-api-1.1.2.jar;C:\Users\Harsh Singh\.m2\repository\org\junit\jupiter\junit-jupiter-params\5.10.0\junit-jupiter-params-5.10.0.jar;C:\Users\Harsh Singh\.m2\repository\org\junit\jupiter\junit-jupiter-engine\5.10.0\junit-jupiter-engine-5.10.0.jar;C:\Users\Harsh Singh\.m2\repository\org\junit\platform\junit-platform-engine\1.10.0\junit-platform-engine-1.10.0.jar;"/>
    <property name="sun.cpu.endian" value="little"/>
    <property name="user.home" value="C:\Users\Harsh Singh"/>
    <property name="user.language" value="en"/>
    <property name="java.specification.vendor" value="Oracle Corporation"/>
    <property name="jdk.module.path" value="C:\Users\Harsh Singh\Downloads\cd0384-java-application-deployment-projectstarter-master\cd0384-java-application-deployment-projectstarter-master\starter\catpoint-parent\security-service\target\classes;C:\Users\Harsh Singh\.m2\repository\com\miglayout\miglayout-swing\11.4.2\miglayout-swing-11.4.2.jar;C:\Users\Harsh Singh\.m2\repository\com\miglayout\miglayout-core\11.4.2\miglayout-core-11.4.2.jar;C:\Users\Harsh Singh\.m2\repository\org\slf4j\slf4j-api\2.0.16\slf4j-api-2.0.16.jar;C:\Users\Harsh Singh\Downloads\cd0384-java-application-deployment-projectstarter-master\cd0384-java-application-deployment-projectstarter-master\starter\catpoint-parent\image-service\target\image-service-1.0-SNAPSHOT.jar;C:\Users\Harsh Singh\.m2\repository\software\amazon\awssdk\rekognition\2.32.31\rekognition-2.32.31.jar;C:\Users\Harsh Singh\.m2\repository\software\amazon\awssdk\sdk-core\2.32.31\sdk-core-2.32.31.jar;C:\Users\Harsh Singh\.m2\repository\software\amazon\awssdk\auth\2.32.31\auth-2.32.31.jar;C:\Users\Harsh Singh\.m2\repository\software\amazon\awssdk\regions\2.32.31\regions-2.32.31.jar;C:\Users\Harsh Singh\.m2\repository\com\google\code\gson\gson\2.13.1\gson-2.13.1.jar;C:\Users\Harsh Singh\.m2\repository\com\google\errorprone\error_prone_annotations\2.38.0\error_prone_annotations-2.38.0.jar;C:\Users\Harsh Singh\.m2\repository\com\google\guava\guava\33.4.8-jre\guava-33.4.8-jre.jar;C:\Users\Harsh Singh\.m2\repository\com\google\guava\failureaccess\1.0.3\failureaccess-1.0.3.jar;C:\Users\Harsh Singh\.m2\repository\org\jspecify\jspecify\1.0.0\jspecify-1.0.0.jar;C:\Users\Harsh Singh\.m2\repository\com\google\j2objc\j2objc-annotations\3.0.0\j2objc-annotations-3.0.0.jar"/>
    <property name="java.version.date" value="2025-04-15"/>
    <property name="java.home" value="C:\Program Files\Java\jdk-21"/>
    <property name="file.separator" value="\"/>
    <property name="basedir" value="C:\Users\Harsh Singh\Downloads\cd0384-java-application-deployment-projectstarter-master\cd0384-java-application-deployment-projectstarter-master\starter\catpoint-parent\security-service"/>
    <property name="java.vm.compressedOopsMode" value="Zero based"/>
    <property name="line.separator" value="&#10;"/>
    <property name="java.vm.specification.vendor" value="Oracle Corporation"/>
    <property name="java.specification.name" value="Java Platform API Specification"/>
    <property name="surefire.real.class.path" value="C:\Users\Harsh Singh\.m2\repository\org\apache\maven\surefire\surefire-booter\3.0.0-M9\surefire-booter-3.0.0-M9.jar;C:\Users\Harsh Singh\.m2\repository\org\apache\maven\surefire\surefire-api\3.0.0-M9\surefire-api-3.0.0-M9.jar;C:\Users\Harsh Singh\.m2\repository\org\apache\maven\surefire\surefire-logger-api\3.0.0-M9\surefire-logger-api-3.0.0-M9.jar;C:\Users\Harsh Singh\.m2\repository\org\apache\maven\surefire\surefire-shared-utils\3.0.0-M9\surefire-shared-utils-3.0.0-M9.jar;C:\Users\Harsh Singh\.m2\repository\org\apache\maven\surefire\surefire-extensions-spi\3.0.0-M9\surefire-extensions-spi-3.0.0-M9.jar;C:\Users\Harsh Singh\Downloads\cd0384-java-application-deployment-projectstarter-master\cd0384-java-application-deployment-projectstarter-master\starter\catpoint-parent\security-service\target\test-classes;C:\Users\Harsh Singh\.m2\repository\software\amazon\awssdk\aws-json-protocol\2.32.31\aws-json-protocol-2.32.31.jar;C:\Users\Harsh Singh\.m2\repository\software\amazon\awssdk\third-party-jackson-core\2.32.31\third-party-jackson-core-2.32.31.jar;C:\Users\Harsh Singh\.m2\repository\software\amazon\awssdk\protocol-core\2.32.31\protocol-core-2.32.31.jar;C:\Users\Harsh Singh\.m2\repository\software\amazon\awssdk\http-auth-aws\2.32.31\http-auth-aws-2.32.31.jar;C:\Users\Harsh Singh\.m2\repository\software\amazon\awssdk\checksums-spi\2.32.31\checksums-spi-2.32.31.jar;C:\Users\Harsh Singh\.m2\repository\software\amazon\awssdk\checksums\2.32.31\checksums-2.32.31.jar;C:\Users\Harsh Singh\.m2\repository\software\amazon\awssdk\profiles\2.32.31\profiles-2.32.31.jar;C:\Users\Harsh Singh\.m2\repository\software\amazon\awssdk\retries\2.32.31\retries-2.32.31.jar;C:\Users\Harsh Singh\.m2\repository\org\reactivestreams\reactive-streams\1.0.4\reactive-streams-1.0.4.jar;C:\Users\Harsh Singh\.m2\repository\software\amazon\awssdk\http-auth-aws-eventstream\2.32.31\http-auth-aws-eventstream-2.32.31.jar;C:\Users\Harsh Singh\.m2\repository\software\amazon\eventstream\eventstream\1.0.1\eventstream-1.0.1.jar;C:\Users\Harsh Singh\.m2\repository\software\amazon\awssdk\http-auth-spi\2.32.31\http-auth-spi-2.32.31.jar;C:\Users\Harsh Singh\.m2\repository\software\amazon\awssdk\http-auth\2.32.31\http-auth-2.32.31.jar;C:\Users\Harsh Singh\.m2\repository\software\amazon\awssdk\identity-spi\2.32.31\identity-spi-2.32.31.jar;C:\Users\Harsh Singh\.m2\repository\software\amazon\awssdk\http-client-spi\2.32.31\http-client-spi-2.32.31.jar;C:\Users\Harsh Singh\.m2\repository\software\amazon\awssdk\annotations\2.32.31\annotations-2.32.31.jar;C:\Users\Harsh Singh\.m2\repository\software\amazon\awssdk\utils\2.32.31\utils-2.32.31.jar;C:\Users\Harsh Singh\.m2\repository\software\amazon\awssdk\aws-core\2.32.31\aws-core-2.32.31.jar;C:\Users\Harsh Singh\.m2\repository\software\amazon\awssdk\metrics-spi\2.32.31\metrics-spi-2.32.31.jar;C:\Users\Harsh Singh\.m2\repository\software\amazon\awssdk\json-utils\2.32.31\json-utils-2.32.31.jar;C:\Users\Harsh Singh\.m2\repository\software\amazon\awssdk\endpoints-spi\2.32.31\endpoints-spi-2.32.31.jar;C:\Users\Harsh Singh\.m2\repository\software\amazon\awssdk\retries-spi\2.32.31\retries-spi-2.32.31.jar;C:\Users\Harsh Singh\.m2\repository\software\amazon\awssdk\apache-client\2.32.31\apache-client-2.32.31.jar;C:\Users\Harsh Singh\.m2\repository\org\apache\httpcomponents\httpclient\4.5.13\httpclient-4.5.13.jar;C:\Users\Harsh Singh\.m2\repository\commons-logging\commons-logging\1.2\commons-logging-1.2.jar;C:\Users\Harsh Singh\.m2\repository\org\apache\httpcomponents\httpcore\4.4.16\httpcore-4.4.16.jar;C:\Users\Harsh Singh\.m2\repository\commons-codec\commons-codec\1.17.1\commons-codec-1.17.1.jar;C:\Users\Harsh Singh\.m2\repository\software\amazon\awssdk\netty-nio-client\2.32.31\netty-nio-client-2.32.31.jar;C:\Users\Harsh Singh\.m2\repository\io\netty\netty-codec-http\4.1.124.Final\netty-codec-http-4.1.124.Final.jar;C:\Users\Harsh Singh\.m2\repository\io\netty\netty-codec-http2\4.1.124.Final\netty-codec-http2-4.1.124.Final.jar;C:\Users\Harsh Singh\.m2\repository\io\netty\netty-codec\4.1.124.Final\netty-codec-4.1.124.Final.jar;C:\Users\Harsh Singh\.m2\repository\io\netty\netty-transport\4.1.124.Final\netty-transport-4.1.124.Final.jar;C:\Users\Harsh Singh\.m2\repository\io\netty\netty-common\4.1.124.Final\netty-common-4.1.124.Final.jar;C:\Users\Harsh Singh\.m2\repository\io\netty\netty-buffer\4.1.124.Final\netty-buffer-4.1.124.Final.jar;C:\Users\Harsh Singh\.m2\repository\io\netty\netty-handler\4.1.124.Final\netty-handler-4.1.124.Final.jar;C:\Users\Harsh Singh\.m2\repository\io\netty\netty-transport-native-unix-common\4.1.124.Final\netty-transport-native-unix-common-4.1.124.Final.jar;C:\Users\Harsh Singh\.m2\repository\io\netty\netty-transport-classes-epoll\4.1.124.Final\netty-transport-classes-epoll-4.1.124.Final.jar;C:\Users\Harsh Singh\.m2\repository\io\netty\netty-resolver\4.1.124.Final\netty-resolver-4.1.124.Final.jar;C:\Users\Harsh Singh\.m2\repository\com\google\guava\listenablefuture\9999.0-empty-to-avoid-conflict-with-guava\listenablefuture-9999.0-empty-to-avoid-conflict-with-guava.jar;C:\Users\Harsh Singh\.m2\repository\org\mockito\mockito-junit-jupiter\5.11.0\mockito-junit-jupiter-5.11.0.jar;C:\Users\Harsh Singh\.m2\repository\org\mockito\mockito-core\5.11.0\mockito-core-5.11.0.jar;C:\Users\Harsh Singh\.m2\repository\net\bytebuddy\byte-buddy\1.14.12\byte-buddy-1.14.12.jar;C:\Users\Harsh Singh\.m2\repository\net\bytebuddy\byte-buddy-agent\1.14.12\byte-buddy-agent-1.14.12.jar;C:\Users\Harsh Singh\.m2\repository\org\objenesis\objenesis\3.3\objenesis-3.3.jar;C:\Users\Harsh Singh\.m2\repository\org\mockito\mockito-inline\5.2.0\mockito-inline-5.2.0.jar;C:\Users\Harsh Singh\.m2\repository\org\junit\jupiter\junit-jupiter-api\5.10.0\junit-jupiter-api-5.10.0.jar;C:\Users\Harsh Singh\.m2\repository\org\opentest4j\opentest4j\1.3.0\opentest4j-1.3.0.jar;C:\Users\Harsh Singh\.m2\repository\org\junit\platform\junit-platform-commons\1.10.0\junit-platform-commons-1.10.0.jar;C:\Users\Harsh Singh\.m2\repository\org\apiguardian\apiguardian-api\1.1.2\apiguardian-api-1.1.2.jar;C:\Users\Harsh Singh\.m2\repository\org\junit\jupiter\junit-jupiter-params\5.10.0\junit-jupiter-params-5.10.0.jar;C:\Users\Harsh Singh\.m2\repository\org\junit\jupiter\junit-jupiter-engine\5.10.0\junit-jupiter-engine-5.10.0.jar;C:\Users\Harsh Singh\.m2\repository\org\junit\platform\junit-platform-engine\1.10.0\junit-platform-engine-1.10.0.jar;C:\Users\Harsh Singh\.m2\repository\org\apache\maven\surefire\surefire-junit-platform\3.0.0-M9\surefire-junit-platform-3.0.0-M9.jar;C:\Users\Harsh Singh\.m2\repository\org\apache\maven\surefire\common-java5\3.0.0-M9\common-java5-3.0.0-M9.jar;C:\Users\Harsh Singh\.m2\repository\org\junit\platform\junit-platform-launcher\1.10.0\junit-platform-launcher-1.10.0.jar"/>
    <property name="user.script" value=""/>
    <property name="sun.management.compiler" value="HotSpot 64-Bit Tiered Compilers"/>
    <property name="java.runtime.version" value="21.0.7+8-LTS-245"/>
    <property name="user.name" value="Harsh Singh"/>
    <property name="stdout.encoding" value="Cp1252"/>
    <property name="path.separator" value=";"/>
    <property name="os.version" value="10.0"/>
    <property name="java.runtime.name" value="Java(TM) SE Runtime Environment"/>
    <property name="file.encoding" value="UTF-8"/>
    <property name="java.vm.name" value="Java HotSpot(TM) 64-Bit Server VM"/>
    <property name="localRepository" value="C:\Users\Harsh Singh\.m2\repository"/>
    <property name="java.vendor.url.bug" value="https://bugreport.java.com/bugreport/"/>
    <property name="java.io.tmpdir" value="C:\Users\HARSHS~1\AppData\Local\Temp\"/>
    <property name="java.version" value="21.0.7"/>
    <property name="user.dir" value="C:\Users\Harsh Singh\Downloads\cd0384-java-application-deployment-projectstarter-master\cd0384-java-application-deployment-projectstarter-master\starter\catpoint-parent\security-service"/>
    <property name="os.arch" value="amd64"/>
    <property name="java.vm.specification.name" value="Java Virtual Machine Specification"/>
    <property name="sun.os.patch.level" value=""/>
    <property name="native.encoding" value="Cp1252"/>
    <property name="java.library.path" value="C:\Program Files\Java\jdk-21\bin;C:\WINDOWS\Sun\Java\bin;C:\WINDOWS\system32;C:\WINDOWS;C:\Windows\system32;C:\Windows;C:\Windows\System32\Wbem;C:\Windows\System32\WindowsPowerShell\v1.0\;C:\Windows\System32\OpenSSH\;C:\Program Files (x86)\NVIDIA Corporation\PhysX\Common;C:\Program Files\NVIDIA Corporation\NVIDIA NvDLISR;C:\WINDOWS\system32;C:\WINDOWS;C:\WINDOWS\System32\Wbem;C:\WINDOWS\System32\WindowsPowerShell\v1.0\;C:\WINDOWS\System32\OpenSSH\;C:\Users\Harsh Singh\AppData\Roaming\npm;C:\Program Files\MongoDB\Server\7.0\bin;C:\MinGW\bin;C:\Program Files\Git\cmd;C:\nvm;C:\nvm4w\nodejs;C:\Program Files\nodejs\;C:\Program Files\Amazon\AWSCLIV2\;C:\Program Files\apache-maven-3.9.11-bin\apache-maven-3.9.11\bin;C:\Program Files\Java\jdk-21\bin;C:\Users\Harsh Singh\AppData\Local\Programs\Python\Python311\Scripts\;C:\Users\Harsh Singh\AppData\Local\Programs\Python\Python311\;C:\Program Files\MySQL\MySQL Shell 8.0\bin\;C:\Users\Harsh Singh\AppData\Local\Microsoft\WindowsApps;C:\Users\Harsh Singh\AppData\Local\Programs\Microsoft VS Code\bin;C:\nvm;C:\nvm4w\nodejs;C:\Users\Harsh Singh\AppData\Roaming\npm;C:\Program Files\JetBrains\IntelliJ IDEA 2025.1.3\bin;;;."/>
    <property name="java.vm.info" value="mixed mode"/>
    <property name="stderr.encoding" value="Cp1252"/>
    <property name="java.vendor" value="Oracle Corporation"/>
    <property name="java.vm.version" value="21.0.7+8-LTS-245"/>
    <property name="sun.io.unicode.encoding" value="UnicodeLittle"/>
    <property name="java.class.version" value="65.0"/>
  </properties>
  <testcase name="noCatDetected_andNoActiveSensors_setsNoAlarm" classname="com.udacity.catpoint.security.service.SecurityServiceTest" time="1.729">
    <system-err><![CDATA[WARNING: A Java agent has been loaded dynamically (C:\Users\Harsh Singh\.m2\repository\net\bytebuddy\byte-buddy-agent\1.14.12\byte-buddy-agent-1.14.12.jar)
WARNING: If a serviceability tool is in use, please run with -XX:+EnableDynamicAgentLoading to hide this warning
WARNING: If a serviceability tool is not in use, please run with -Djdk.instrument.traceUsage for more information
WARNING: Dynamic loading of agents will be disallowed by default in a future release
]]></system-err>
  </testcase>
  <testcase name="removeStatusListener_noLongerReceivesUpdates" classname="com.udacity.catpoint.security.service.SecurityServiceTest" time="0.009"/>
  <testcase name="disarmedSystem_setsNoAlarm" classname="com.udacity.catpoint.security.service.SecurityServiceTest" time="0.007"/>
  <testcase name="armedHome_catDetected_setsAlarm" classname="com.udacity.catpoint.security.service.SecurityServiceTest" time="0.006"/>
  <testcase name="disarmed_thenCatDetected_thenArmedHome_resultsInAlarm" classname="com.udacity.catpoint.security.service.SecurityServiceTest" time="0.006"/>
  <testcase name="pendingAlarm_sameSensorReactivated_setsAlarm" classname="com.udacity.catpoint.security.service.SecurityServiceTest" time="0.009"/>
  <testcase name="armedSystem_pendingAlarm_sensorActivated_setsAlarm" classname="com.udacity.catpoint.security.service.SecurityServiceTest" time="0.006"/>
  <testcase name="noCatDetected_doesNotSetCatFlag" classname="com.udacity.catpoint.security.service.SecurityServiceTest" time="0.009"/>
  <testcase name="addSensor_delegatesToRepository" classname="com.udacity.catpoint.security.service.SecurityServiceTest" time="0.005"/>
  <testcase name="armedSystem_activatesSensor_setsPendingAlarm" classname="com.udacity.catpoint.security.service.SecurityServiceTest" time="0.004"/>
  <testcase name="getAlarmStatus_returnsRepositoryValue" classname="com.udacity.catpoint.security.service.SecurityServiceTest" time="0.025"/>
  <testcase name="disarmed_thenCatDetected_thenArmedAway_resultsInAlarm" classname="com.udacity.catpoint.security.service.SecurityServiceTest" time="0.009"/>
  <testcase name="removeSensor_delegatesToRepository" classname="com.udacity.catpoint.security.service.SecurityServiceTest" time="0.007"/>
  <testcase name="pendingAlarm_otherSensorsStillActive_noAlarmCleared" classname="com.udacity.catpoint.security.service.SecurityServiceTest" time="0.006"/>
  <testcase name="pendingAlarm_allSensorsInactive_setsNoAlarm" classname="com.udacity.catpoint.security.service.SecurityServiceTest" time="0.009"/>
  <testcase name="inactiveSensor_deactivatedAgain_noEffect" classname="com.udacity.catpoint.security.service.SecurityServiceTest" time="0.005"/>
  <testcase name="alarmActive_sensorChanges_noEffect" classname="com.udacity.catpoint.security.service.SecurityServiceTest" time="0.005"/>
  <testcase name="alarmActive_sensorDeactivated_noAlarmCleared" classname="com.udacity.catpoint.security.service.SecurityServiceTest" time="0.004"/>
  <testcase name="disarmedSystem_sensorActivated_noAlarmTriggered" classname="com.udacity.catpoint.security.service.SecurityServiceTest" time="0.003"/>
  <testcase name="armedSystem_resetsAllSensorsInactive(ArmingStatus)[1]" classname="com.udacity.catpoint.security.service.SecurityServiceTest" time="0.061"/>
  <testcase name="armedSystem_resetsAllSensorsInactive(ArmingStatus)[2]" classname="com.udacity.catpoint.security.service.SecurityServiceTest" time="0.007"/>
</testsuite>